w:\shady\commons\debug\commons.pdb
w:\shady\commons\debug\commons.idb
w:\shady\commons\debug\commons.obj
w:\shady\commons\debug\shstring.obj
w:\shady\commons\debug\consoleout.obj
w:\shady\commons\debug\shassert.obj
w:\shady\commons\debug\filechangeobserver.obj
w:\shady\commons\debug\fileutils.obj
w:\shady\commons\debug\matrix3f.obj
w:\shady\commons\debug\matrix4f.obj
w:\shady\commons\debug\shmath.obj
w:\shady\commons\debug\vec2.obj
w:\shady\commons\debug\vec4.obj
w:\shady\commons\debug\memutils.obj
w:\shady\commons\debug\stringutils.obj
w:\shady\commons\debug\comfuncs.obj
w:\shady\debug\commons.lib
w:\shady\debug\commons.pdb
w:\shady\commons\debug\commons.tlog\cl.command.1.tlog
w:\shady\commons\debug\commons.tlog\cl.read.1.tlog
w:\shady\commons\debug\commons.tlog\cl.write.1.tlog
w:\shady\commons\debug\commons.tlog\lib-link.read.1.tlog
w:\shady\commons\debug\commons.tlog\lib-link.write.1.tlog
w:\shady\commons\debug\commons.tlog\lib.command.1.tlog
