w:\shady\core\debug\vc140.pdb
w:\shady\core\debug\vc140.idb
w:\shady\core\debug\renderer2d.obj
w:\shady\core\debug\renderer3d.obj
w:\shady\core\debug\shader.obj
w:\shady\core\debug\shfont.obj
w:\shady\core\debug\sprite.obj
w:\shady\core\debug\text2d.obj
w:\shady\core\debug\texture.obj
w:\shady\core\debug\inputmanager.obj
w:\shady\core\debug\shkeyboard.obj
w:\shady\core\debug\shmouse.obj
w:\shady\core\debug\main.obj
w:\shady\core\debug\cpuinstructionset.obj
w:\shady\core\debug\modelloader.obj
w:\shady\core\debug\shadyapp.obj
w:\shady\core\debug\shclock.obj
w:\shady\core\debug\timer.obj
w:\shady\core\debug\timermanager.obj
w:\shady\core\debug\win32gl.obj
w:\shady\core\debug\win32utils.obj
w:\shady\core\debug\win32window.obj
w:\shady\core\debug\camera2d.obj
w:\shady\core\debug\camera3d.obj
w:\shady\core\debug\glyph.obj
w:\shady\core\debug\graphics.obj
w:\shady\core\debug\mesh.obj
w:\shady\core\debug\cube.obj
w:\shady\core\debug\line2d.obj
w:\shady\core\debug\rectangle.obj
w:\shady\debug\core.ilk
w:\shady\debug\core.exe
w:\shady\debug\core.pdb
w:\shady\core\debug\core.tlog\cl.command.1.tlog
w:\shady\core\debug\core.tlog\cl.read.1.tlog
w:\shady\core\debug\core.tlog\cl.write.1.tlog
w:\shady\core\debug\core.tlog\link.command.1.tlog
w:\shady\core\debug\core.tlog\link.read.1.tlog
w:\shady\core\debug\core.tlog\link.write.1.tlog
